Build started 7/30/2014 4:54:26 PM.
     1>Project "C:\Users\Rio\Documents\649\CSCE649\Flocking\Flocking.vcxproj" on node 2 (build target(s)).
     1>InitializeBuildStatus:
         Creating "Debug\Flocking.unsuccessfulbuild" because "AlwaysCreate" was specified.
       ClCompile:
         c:\Program Files (x86)\Microsoft Visual Studio 10.0\VC\bin\CL.exe /c /IC:\Users\Rio\Documents\OpenGL\include /IC:\Users\Rio\Documents\649\CSCE649 /ZI /nologo /W3 /WX- /Od /Oy- /D WIN32 /D _DEBUG /D _CONSOLE /D _UNICODE /D UNICODE /Gm /EHsc /RTC1 /MDd /GS /fp:precise /Zc:wchar_t /Zc:forScope /Fo"Debug\\" /Fd"Debug\vc100.pdb" /Gd /TP /analyze- /errorReport:prompt flock1.cpp
         flock1.cpp
     1>c:\users\rio\documents\649\csce649\cs649.h(430): warning C4244: 'initializing' : conversion from 'double' to 'float', possible loss of data
     1>c:\users\rio\documents\649\csce649\cs649.h(441): warning C4244: 'initializing' : conversion from 'double' to 'float', possible loss of data
     1>c:\users\rio\documents\649\csce649\cs649.h(465): warning C4244: 'initializing' : conversion from 'double' to 'float', possible loss of data
     1>c:\users\rio\documents\649\csce649\cs649.h(491): warning C4996: 'fopen': This function or variable may be unsafe. Consider using fopen_s instead. To disable deprecation, use _CRT_SECURE_NO_WARNINGS. See online help for details.
                 c:\program files (x86)\microsoft visual studio 10.0\vc\include\stdio.h(234) : see declaration of 'fopen'
     1>c:\users\rio\documents\649\csce649\cs649.h(549): warning C4244: '=' : conversion from 'GLdouble' to 'float', possible loss of data
     1>c:\users\rio\documents\649\csce649\cs649.h(550): warning C4244: '=' : conversion from 'GLdouble' to 'float', possible loss of data
     1>c:\users\rio\documents\649\csce649\cs649.h(551): warning C4244: '=' : conversion from 'GLdouble' to 'float', possible loss of data
     1>c:\users\rio\documents\649\csce649\cs649.h(560): warning C4244: 'initializing' : conversion from 'double' to 'float', possible loss of data
     1>c:\users\rio\documents\649\csce649\cs649.h(582): warning C4244: 'initializing' : conversion from 'int' to 'float', possible loss of data
     1>c:\users\rio\documents\649\csce649\cs649.h(584): warning C4244: 'argument' : conversion from 'int' to 'GLfloat', possible loss of data
     1>c:\users\rio\documents\649\csce649\cs649.h(585): warning C4244: 'argument' : conversion from 'int' to 'GLfloat', possible loss of data
     1>c:\users\rio\documents\649\csce649\cs649.h(586): warning C4244: 'argument' : conversion from 'int' to 'GLfloat', possible loss of data
     1>c:\users\rio\documents\649\csce649\cs649.h(587): warning C4244: 'argument' : conversion from 'int' to 'GLfloat', possible loss of data
     1>c:\users\rio\documents\649\csce649\cs649.h(589): warning C4244: 'argument' : conversion from 'int' to 'GLfloat', possible loss of data
     1>c:\users\rio\documents\649\csce649\cs649.h(590): warning C4244: 'argument' : conversion from 'int' to 'GLfloat', possible loss of data
     1>c:\users\rio\documents\649\csce649\cs649.h(591): warning C4244: 'argument' : conversion from 'int' to 'GLfloat', possible loss of data
     1>c:\users\rio\documents\649\csce649\cs649.h(592): warning C4244: 'argument' : conversion from 'int' to 'GLfloat', possible loss of data
     1>c:\users\rio\documents\649\csce649\cs649.h(659): warning C4018: '<' : signed/unsigned mismatch
     1>c:\users\rio\documents\649\csce649\cs649.h(666): warning C4996: 'sscanf': This function or variable may be unsafe. Consider using sscanf_s instead. To disable deprecation, use _CRT_SECURE_NO_WARNINGS. See online help for details.
                 c:\program files (x86)\microsoft visual studio 10.0\vc\include\stdio.h(325) : see declaration of 'sscanf'
     1>c:\users\rio\documents\649\csce649\cs649.h(671): warning C4996: 'sscanf': This function or variable may be unsafe. Consider using sscanf_s instead. To disable deprecation, use _CRT_SECURE_NO_WARNINGS. See online help for details.
                 c:\program files (x86)\microsoft visual studio 10.0\vc\include\stdio.h(325) : see declaration of 'sscanf'
     1>c:\users\rio\documents\649\csce649\cs649.h(678): warning C4996: 'sscanf': This function or variable may be unsafe. Consider using sscanf_s instead. To disable deprecation, use _CRT_SECURE_NO_WARNINGS. See online help for details.
                 c:\program files (x86)\microsoft visual studio 10.0\vc\include\stdio.h(325) : see declaration of 'sscanf'
     1>c:\users\rio\documents\649\csce649\cs649.h(681): warning C4996: 'sscanf': This function or variable may be unsafe. Consider using sscanf_s instead. To disable deprecation, use _CRT_SECURE_NO_WARNINGS. See online help for details.
                 c:\program files (x86)\microsoft visual studio 10.0\vc\include\stdio.h(325) : see declaration of 'sscanf'
     1>c:\users\rio\documents\649\csce649\cs649.h(690): warning C4018: '<' : signed/unsigned mismatch
     1>c:\users\rio\documents\649\csce649\cs649.h(715): warning C4018: '<' : signed/unsigned mismatch
     1>c:\users\rio\documents\649\csce649\cs649.h(717): warning C4018: '<' : signed/unsigned mismatch
     1>c:\users\rio\documents\649\csce649\cs649.h(719): warning C4018: '<' : signed/unsigned mismatch
     1>c:\users\rio\documents\649\csce649\cs649.h(721): warning C4018: '<' : signed/unsigned mismatch
     1>c:\users\rio\documents\649\csce649\flocking\flock1.cpp(18): warning C4305: 'initializing' : truncation from 'double' to 'float'
     1>c:\users\rio\documents\649\csce649\flocking\flock1.cpp(19): warning C4305: 'initializing' : truncation from 'double' to 'float'
     1>c:\users\rio\documents\649\csce649\flocking\flock1.cpp(20): warning C4305: 'initializing' : truncation from 'double' to 'float'
     1>c:\users\rio\documents\649\csce649\flocking\flock1.cpp(22): warning C4305: 'initializing' : truncation from 'double' to 'float'
     1>c:\users\rio\documents\649\csce649\flocking\flock1.cpp(24): warning C4305: 'initializing' : truncation from 'double' to 'float'
     1>c:\users\rio\documents\649\csce649\flocking\flock1.cpp(27): warning C4305: 'initializing' : truncation from 'double' to 'float'
     1>c:\users\rio\documents\649\csce649\flocking\flock1.cpp(28): warning C4305: 'initializing' : truncation from 'double' to 'float'
     1>c:\users\rio\documents\649\csce649\flocking\flock1.cpp(30): warning C4305: 'initializing' : truncation from 'double' to 'float'
     1>c:\users\rio\documents\649\csce649\flocking\flock1.cpp(33): warning C4305: 'initializing' : truncation from 'double' to 'float'
     1>c:\users\rio\documents\649\csce649\flocking\flock1.cpp(35): warning C4305: 'initializing' : truncation from 'double' to 'float'
     1>c:\users\rio\documents\649\csce649\flocking\flock1.cpp(36): warning C4305: 'initializing' : truncation from 'double' to 'float'
     1>c:\users\rio\documents\649\csce649\flocking\flock1.cpp(40): warning C4305: 'initializing' : truncation from 'double' to 'float'
     1>c:\users\rio\documents\649\csce649\flocking\flock1.cpp(182): warning C4305: 'initializing' : truncation from 'double' to 'float'
     1>c:\users\rio\documents\649\csce649\flocking\flock1.cpp(188): warning C4305: 'initializing' : truncation from 'double' to 'float'
     1>c:\users\rio\documents\649\csce649\flocking\flock1.cpp(189): warning C4244: 'initializing' : conversion from 'double' to 'int', possible loss of data
     1>c:\users\rio\documents\649\csce649\flocking\flock1.cpp(190): warning C4244: 'initializing' : conversion from 'double' to 'int', possible loss of data
     1>c:\users\rio\documents\649\csce649\flocking\flock1.cpp(222): warning C4996: 'fopen': This function or variable may be unsafe. Consider using fopen_s instead. To disable deprecation, use _CRT_SECURE_NO_WARNINGS. See online help for details.
                 c:\program files (x86)\microsoft visual studio 10.0\vc\include\stdio.h(234) : see declaration of 'fopen'
     1>c:\users\rio\documents\649\csce649\flocking\flock1.cpp(261): warning C4244: '=' : conversion from 'int' to 'float', possible loss of data
     1>c:\users\rio\documents\649\csce649\flocking\flock1.cpp(262): warning C4244: '=' : conversion from 'int' to 'float', possible loss of data
     1>c:\users\rio\documents\649\csce649\flocking\flock1.cpp(263): warning C4244: '=' : conversion from 'int' to 'float', possible loss of data
     1>c:\users\rio\documents\649\csce649\flocking\flock1.cpp(278): warning C4244: 'initializing' : conversion from 'double' to 'float', possible loss of data
     1>c:\users\rio\documents\649\csce649\flocking\flock1.cpp(313): warning C4244: 'initializing' : conversion from 'double' to 'float', possible loss of data
     1>c:\users\rio\documents\649\csce649\flocking\flock1.cpp(352): warning C4244: 'argument' : conversion from 'double' to 'GLfloat', possible loss of data
     1>c:\users\rio\documents\649\csce649\flocking\flock1.cpp(352): warning C4244: 'argument' : conversion from 'double' to 'GLfloat', possible loss of data
     1>c:\users\rio\documents\649\csce649\flocking\flock1.cpp(384): warning C4305: 'argument' : truncation from 'double' to 'GLfloat'
     1>c:\users\rio\documents\649\csce649\flocking\flock1.cpp(384): warning C4305: 'argument' : truncation from 'double' to 'GLfloat'
     1>c:\users\rio\documents\649\csce649\flocking\flock1.cpp(384): warning C4305: 'argument' : truncation from 'double' to 'GLfloat'
     1>c:\users\rio\documents\649\csce649\flocking\flock1.cpp(384): warning C4305: 'argument' : truncation from 'double' to 'GLfloat'
     1>c:\users\rio\documents\649\csce649\flocking\flock1.cpp(390): warning C4305: 'argument' : truncation from 'double' to 'GLfloat'
     1>c:\users\rio\documents\649\csce649\flocking\flock1.cpp(390): warning C4305: 'argument' : truncation from 'double' to 'GLfloat'
     1>c:\users\rio\documents\649\csce649\flocking\flock1.cpp(390): warning C4305: 'argument' : truncation from 'double' to 'GLfloat'
     1>c:\users\rio\documents\649\csce649\flocking\flock1.cpp(390): warning C4305: 'argument' : truncation from 'double' to 'GLfloat'
     1>c:\users\rio\documents\649\csce649\flocking\flock1.cpp(456): warning C4244: '=' : conversion from 'int' to 'float', possible loss of data
     1>c:\users\rio\documents\649\csce649\flocking\flock1.cpp(457): warning C4244: '=' : conversion from 'int' to 'float', possible loss of data
     1>c:\users\rio\documents\649\csce649\flocking\flock1.cpp(458): warning C4244: '=' : conversion from 'int' to 'float', possible loss of data
     1>c:\users\rio\documents\649\csce649\flocking\flock1.cpp(462): warning C4244: '=' : conversion from 'int' to 'float', possible loss of data
     1>c:\users\rio\documents\649\csce649\flocking\flock1.cpp(540): warning C4244: '=' : conversion from 'int' to 'float', possible loss of data
     1>c:\users\rio\documents\649\csce649\flocking\flock1.cpp(541): warning C4244: '=' : conversion from 'int' to 'float', possible loss of data
     1>c:\users\rio\documents\649\csce649\flocking\flock1.cpp(542): warning C4244: '=' : conversion from 'int' to 'float', possible loss of data
     1>c:\users\rio\documents\649\csce649\flocking\flock1.cpp(555): warning C4244: '=' : conversion from 'int' to 'float', possible loss of data
     1>c:\users\rio\documents\649\csce649\flocking\flock1.cpp(556): warning C4244: '=' : conversion from 'int' to 'float', possible loss of data
     1>c:\users\rio\documents\649\csce649\flocking\flock1.cpp(558): warning C4244: '=' : conversion from 'int' to 'float', possible loss of data
     1>c:\users\rio\documents\649\csce649\flocking\flock1.cpp(559): warning C4244: '=' : conversion from 'int' to 'float', possible loss of data
     1>c:\users\rio\documents\649\csce649\flocking\flock1.cpp(561): warning C4244: '=' : conversion from 'int' to 'float', possible loss of data
     1>c:\users\rio\documents\649\csce649\flocking\flock1.cpp(562): warning C4244: '=' : conversion from 'int' to 'float', possible loss of data
     1>c:\users\rio\documents\649\csce649\flocking\flock1.cpp(577): warning C4244: '=' : conversion from 'int' to 'float', possible loss of data
     1>c:\users\rio\documents\649\csce649\flocking\flock1.cpp(578): warning C4244: '=' : conversion from 'int' to 'float', possible loss of data
     1>c:\users\rio\documents\649\csce649\flocking\flock1.cpp(580): warning C4244: '=' : conversion from 'int' to 'float', possible loss of data
     1>c:\users\rio\documents\649\csce649\flocking\flock1.cpp(581): warning C4244: '=' : conversion from 'int' to 'float', possible loss of data
     1>c:\users\rio\documents\649\csce649\flocking\flock1.cpp(583): warning C4244: '=' : conversion from 'int' to 'float', possible loss of data
     1>c:\users\rio\documents\649\csce649\flocking\flock1.cpp(584): warning C4244: '=' : conversion from 'int' to 'float', possible loss of data
     1>c:\users\rio\documents\649\csce649\flocking\flock1.cpp(680): warning C4305: '-=' : truncation from 'double' to 'float'
     1>c:\users\rio\documents\649\csce649\flocking\flock1.cpp(708): warning C4305: 'argument' : truncation from 'double' to 'GLfloat'
     1>c:\users\rio\documents\649\csce649\flocking\flock1.cpp(712): warning C4305: 'argument' : truncation from 'double' to 'GLfloat'
     1>c:\users\rio\documents\649\csce649\flocking\flock1.cpp(712): warning C4305: 'argument' : truncation from 'double' to 'GLfloat'
     1>c:\users\rio\documents\649\csce649\flocking\flock1.cpp(712): warning C4305: 'argument' : truncation from 'double' to 'GLfloat'
     1>c:\users\rio\documents\649\csce649\flocking\flock1.cpp(732): warning C4305: 'argument' : truncation from 'double' to 'GLfloat'
     1>c:\users\rio\documents\649\csce649\flocking\flock1.cpp(733): warning C4305: 'argument' : truncation from 'double' to 'GLfloat'
     1>c:\users\rio\documents\649\csce649\flocking\flock1.cpp(736): warning C4305: 'argument' : truncation from 'double' to 'GLfloat'
     1>c:\users\rio\documents\649\csce649\flocking\flock1.cpp(737): warning C4305: 'argument' : truncation from 'double' to 'GLfloat'
     1>c:\users\rio\documents\649\csce649\flocking\flock1.cpp(737): warning C4305: 'argument' : truncation from 'double' to 'GLfloat'
     1>c:\users\rio\documents\649\csce649\flocking\flock1.cpp(742): warning C4305: 'argument' : truncation from 'double' to 'GLfloat'
     1>c:\users\rio\documents\649\csce649\flocking\flock1.cpp(743): warning C4305: 'argument' : truncation from 'double' to 'GLfloat'
     1>c:\users\rio\documents\649\csce649\flocking\flock1.cpp(746): warning C4305: 'argument' : truncation from 'double' to 'GLfloat'
     1>c:\users\rio\documents\649\csce649\flocking\flock1.cpp(747): warning C4305: 'argument' : truncation from 'double' to 'GLfloat'
     1>c:\users\rio\documents\649\csce649\flocking\flock1.cpp(747): warning C4305: 'argument' : truncation from 'double' to 'GLfloat'
     1>c:\users\rio\documents\649\csce649\flocking\flock1.cpp(754): warning C4305: 'argument' : truncation from 'double' to 'GLfloat'
     1>c:\users\rio\documents\649\csce649\flocking\flock1.cpp(755): warning C4305: 'argument' : truncation from 'double' to 'GLfloat'
     1>c:\users\rio\documents\649\csce649\flocking\flock1.cpp(758): warning C4305: 'argument' : truncation from 'double' to 'GLfloat'
     1>c:\users\rio\documents\649\csce649\flocking\flock1.cpp(759): warning C4305: 'argument' : truncation from 'double' to 'GLfloat'
     1>c:\users\rio\documents\649\csce649\flocking\flock1.cpp(759): warning C4305: 'argument' : truncation from 'double' to 'GLfloat'
     1>c:\users\rio\documents\649\csce649\flocking\flock1.cpp(764): warning C4305: 'argument' : truncation from 'double' to 'GLfloat'
     1>c:\users\rio\documents\649\csce649\flocking\flock1.cpp(765): warning C4305: 'argument' : truncation from 'double' to 'GLfloat'
     1>c:\users\rio\documents\649\csce649\flocking\flock1.cpp(768): warning C4305: 'argument' : truncation from 'double' to 'GLfloat'
     1>c:\users\rio\documents\649\csce649\flocking\flock1.cpp(769): warning C4305: 'argument' : truncation from 'double' to 'GLfloat'
     1>c:\users\rio\documents\649\csce649\flocking\flock1.cpp(769): warning C4305: 'argument' : truncation from 'double' to 'GLfloat'
     1>c:\users\rio\documents\649\csce649\flocking\flock1.cpp(783): warning C4305: 'argument' : truncation from 'double' to 'GLfloat'
     1>c:\users\rio\documents\649\csce649\flocking\flock1.cpp(783): warning C4305: 'argument' : truncation from 'double' to 'GLfloat'
     1>c:\users\rio\documents\649\csce649\flocking\flock1.cpp(783): warning C4305: 'argument' : truncation from 'double' to 'GLfloat'
     1>c:\users\rio\documents\649\csce649\flocking\flock1.cpp(852): warning C4305: 'argument' : truncation from 'double' to 'GLfloat'
     1>c:\users\rio\documents\649\csce649\flocking\flock1.cpp(860): warning C4305: 'argument' : truncation from 'double' to 'GLfloat'
     1>c:\users\rio\documents\649\csce649\flocking\flock1.cpp(861): warning C4305: 'argument' : truncation from 'double' to 'GLfloat'
     1>c:\users\rio\documents\649\csce649\flocking\flock1.cpp(864): warning C4305: 'argument' : truncation from 'double' to 'GLfloat'
     1>c:\users\rio\documents\649\csce649\flocking\flock1.cpp(865): warning C4305: 'argument' : truncation from 'double' to 'GLfloat'
     1>c:\users\rio\documents\649\csce649\flocking\flock1.cpp(865): warning C4305: 'argument' : truncation from 'double' to 'GLfloat'
     1>c:\users\rio\documents\649\csce649\flocking\flock1.cpp(870): warning C4305: 'argument' : truncation from 'double' to 'GLfloat'
     1>c:\users\rio\documents\649\csce649\flocking\flock1.cpp(871): warning C4305: 'argument' : truncation from 'double' to 'GLfloat'
     1>c:\users\rio\documents\649\csce649\flocking\flock1.cpp(874): warning C4305: 'argument' : truncation from 'double' to 'GLfloat'
     1>c:\users\rio\documents\649\csce649\flocking\flock1.cpp(875): warning C4305: 'argument' : truncation from 'double' to 'GLfloat'
     1>c:\users\rio\documents\649\csce649\flocking\flock1.cpp(875): warning C4305: 'argument' : truncation from 'double' to 'GLfloat'
     1>c:\users\rio\documents\649\csce649\flocking\flock1.cpp(882): warning C4305: 'argument' : truncation from 'double' to 'GLfloat'
     1>c:\users\rio\documents\649\csce649\flocking\flock1.cpp(883): warning C4305: 'argument' : truncation from 'double' to 'GLfloat'
     1>c:\users\rio\documents\649\csce649\flocking\flock1.cpp(886): warning C4305: 'argument' : truncation from 'double' to 'GLfloat'
     1>c:\users\rio\documents\649\csce649\flocking\flock1.cpp(887): warning C4305: 'argument' : truncation from 'double' to 'GLfloat'
     1>c:\users\rio\documents\649\csce649\flocking\flock1.cpp(887): warning C4305: 'argument' : truncation from 'double' to 'GLfloat'
     1>c:\users\rio\documents\649\csce649\flocking\flock1.cpp(892): warning C4305: 'argument' : truncation from 'double' to 'GLfloat'
     1>c:\users\rio\documents\649\csce649\flocking\flock1.cpp(893): warning C4305: 'argument' : truncation from 'double' to 'GLfloat'
     1>c:\users\rio\documents\649\csce649\flocking\flock1.cpp(896): warning C4305: 'argument' : truncation from 'double' to 'GLfloat'
     1>c:\users\rio\documents\649\csce649\flocking\flock1.cpp(897): warning C4305: 'argument' : truncation from 'double' to 'GLfloat'
     1>c:\users\rio\documents\649\csce649\flocking\flock1.cpp(897): warning C4305: 'argument' : truncation from 'double' to 'GLfloat'
     1>c:\users\rio\documents\649\csce649\flocking\flock1.cpp(925): warning C4305: 'argument' : truncation from 'double' to 'GLfloat'
     1>c:\users\rio\documents\649\csce649\flocking\flock1.cpp(930): warning C4305: 'argument' : truncation from 'double' to 'GLfloat'
     1>c:\users\rio\documents\649\csce649\flocking\flock1.cpp(952): warning C4305: 'argument' : truncation from 'double' to 'float'
     1>c:\users\rio\documents\649\csce649\flocking\flock1.cpp(961): warning C4305: '-=' : truncation from 'double' to 'float'
     1>c:\users\rio\documents\649\csce649\flocking\flock1.cpp(993): warning C4305: 'argument' : truncation from 'double' to 'float'
     1>c:\users\rio\documents\649\csce649\flocking\flock1.cpp(1002): warning C4305: '-=' : truncation from 'double' to 'float'
     1>c:\users\rio\documents\649\csce649\flocking\flock1.cpp(1284): warning C4305: 'argument' : truncation from 'double' to 'float'
     1>c:\users\rio\documents\649\csce649\flocking\flock1.cpp(1285): warning C4305: 'argument' : truncation from 'double' to 'float'
     1>c:\users\rio\documents\649\csce649\flocking\flock1.cpp(1290): warning C4305: '-=' : truncation from 'double' to 'float'
     1>c:\users\rio\documents\649\csce649\flocking\flock1.cpp(1386): warning C4244: '=' : conversion from 'GLuint' to 'GLfloat', possible loss of data
       ManifestResourceCompile:
         All outputs are up-to-date.
       Link:
         c:\Program Files (x86)\Microsoft Visual Studio 10.0\VC\bin\link.exe /ERRORREPORT:PROMPT /OUT:"C:\Users\Rio\Documents\649\CSCE649\Debug\Flocking.exe" /INCREMENTAL /NOLOGO /LIBPATH:C:\Users\Rio\Documents\OpenGL\lib glew32.lib vfw32.lib kernel32.lib user32.lib gdi32.lib winspool.lib comdlg32.lib advapi32.lib shell32.lib ole32.lib oleaut32.lib uuid.lib odbc32.lib odbccp32.lib /MANIFEST /ManifestFile:"Debug\Flocking.exe.intermediate.manifest" /MANIFESTUAC:"level='asInvoker' uiAccess='false'" /DEBUG /PDB:"C:\Users\Rio\Documents\649\CSCE649\Debug\Flocking.pdb" /SUBSYSTEM:CONSOLE /TLBID:1 /DYNAMICBASE /NXCOMPAT /IMPLIB:"C:\Users\Rio\Documents\649\CSCE649\Debug\Flocking.lib" /MACHINE:X86 Debug\Flocking.exe.embed.manifest.res
         Debug\flock1.obj
       Manifest:
         c:\Program Files (x86)\Microsoft SDKs\Windows\v7.0A\bin\mt.exe /nologo /verbose /out:"Debug\Flocking.exe.embed.manifest" /manifest Debug\Flocking.exe.intermediate.manifest
         All outputs are up-to-date.
       LinkEmbedManifest:
         All outputs are up-to-date.
         Flocking.vcxproj -> C:\Users\Rio\Documents\649\CSCE649\Debug\Flocking.exe
       FinalizeBuildStatus:
         Deleting file "Debug\Flocking.unsuccessfulbuild".
         Touching "Debug\Flocking.lastbuildstate".
     1>Done Building Project "C:\Users\Rio\Documents\649\CSCE649\Flocking\Flocking.vcxproj" (build target(s)).

Build succeeded.

Time Elapsed 00:00:04.17
