C:\USERS\AL\DOCUMENTS\VISUAL STUDIO 2010\PROJECTS\CSCE649\DEBUG\FLOCKING.EXE
C:\USERS\AL\DOCUMENTS\VISUAL STUDIO 2010\PROJECTS\CSCE649\DEBUG\FLOCKING.ILK
C:\USERS\AL\DOCUMENTS\VISUAL STUDIO 2010\PROJECTS\CSCE649\DEBUG\FLOCKING.PDB
C:\Users\al\Documents\Visual Studio 2010\Projects\CSCE649\Flocking\Debug\cl.command.1.tlog
C:\Users\al\Documents\Visual Studio 2010\Projects\CSCE649\Flocking\Debug\CL.read.1.tlog
C:\Users\al\Documents\Visual Studio 2010\Projects\CSCE649\Flocking\Debug\CL.write.1.tlog
C:\USERS\AL\DOCUMENTS\VISUAL STUDIO 2010\PROJECTS\CSCE649\FLOCKING\DEBUG\FLOCK1.OBJ
C:\USERS\AL\DOCUMENTS\VISUAL STUDIO 2010\PROJECTS\CSCE649\FLOCKING\DEBUG\FLOCKING.EXE.EMBED.MANIFEST
C:\USERS\AL\DOCUMENTS\VISUAL STUDIO 2010\PROJECTS\CSCE649\FLOCKING\DEBUG\FLOCKING.EXE.EMBED.MANIFEST.RES
C:\USERS\AL\DOCUMENTS\VISUAL STUDIO 2010\PROJECTS\CSCE649\FLOCKING\DEBUG\FLOCKING.EXE.INTERMEDIATE.MANIFEST
C:\Users\al\Documents\Visual Studio 2010\Projects\CSCE649\Flocking\Debug\Flocking_manifest.rc
C:\Users\al\Documents\Visual Studio 2010\Projects\CSCE649\Flocking\Debug\link.1172.read.1.tlog
C:\Users\al\Documents\Visual Studio 2010\Projects\CSCE649\Flocking\Debug\link.1172.write.1.tlog
C:\Users\al\Documents\Visual Studio 2010\Projects\CSCE649\Flocking\Debug\link.1172-cvtres.read.1.tlog
C:\Users\al\Documents\Visual Studio 2010\Projects\CSCE649\Flocking\Debug\link.1172-cvtres.write.1.tlog
C:\Users\al\Documents\Visual Studio 2010\Projects\CSCE649\Flocking\Debug\link.1268.read.1.tlog
C:\Users\al\Documents\Visual Studio 2010\Projects\CSCE649\Flocking\Debug\link.1268.write.1.tlog
C:\Users\al\Documents\Visual Studio 2010\Projects\CSCE649\Flocking\Debug\link.1268-cvtres.read.1.tlog
C:\Users\al\Documents\Visual Studio 2010\Projects\CSCE649\Flocking\Debug\link.1268-cvtres.write.1.tlog
C:\Users\al\Documents\Visual Studio 2010\Projects\CSCE649\Flocking\Debug\link.1408.read.1.tlog
C:\Users\al\Documents\Visual Studio 2010\Projects\CSCE649\Flocking\Debug\link.1408.write.1.tlog
C:\Users\al\Documents\Visual Studio 2010\Projects\CSCE649\Flocking\Debug\link.1408-cvtres.read.1.tlog
C:\Users\al\Documents\Visual Studio 2010\Projects\CSCE649\Flocking\Debug\link.1408-cvtres.write.1.tlog
C:\Users\al\Documents\Visual Studio 2010\Projects\CSCE649\Flocking\Debug\link.1472.read.1.tlog
C:\Users\al\Documents\Visual Studio 2010\Projects\CSCE649\Flocking\Debug\link.1472.write.1.tlog
C:\Users\al\Documents\Visual Studio 2010\Projects\CSCE649\Flocking\Debug\link.1472-cvtres.read.1.tlog
C:\Users\al\Documents\Visual Studio 2010\Projects\CSCE649\Flocking\Debug\link.1472-cvtres.write.1.tlog
C:\Users\al\Documents\Visual Studio 2010\Projects\CSCE649\Flocking\Debug\link.3628.read.1.tlog
C:\Users\al\Documents\Visual Studio 2010\Projects\CSCE649\Flocking\Debug\link.3628.write.1.tlog
C:\Users\al\Documents\Visual Studio 2010\Projects\CSCE649\Flocking\Debug\link.3628-cvtres.read.1.tlog
C:\Users\al\Documents\Visual Studio 2010\Projects\CSCE649\Flocking\Debug\link.3628-cvtres.write.1.tlog
C:\Users\al\Documents\Visual Studio 2010\Projects\CSCE649\Flocking\Debug\link.3716.read.1.tlog
C:\Users\al\Documents\Visual Studio 2010\Projects\CSCE649\Flocking\Debug\link.3716.write.1.tlog
C:\Users\al\Documents\Visual Studio 2010\Projects\CSCE649\Flocking\Debug\link.3716-cvtres.read.1.tlog
C:\Users\al\Documents\Visual Studio 2010\Projects\CSCE649\Flocking\Debug\link.3716-cvtres.write.1.tlog
C:\Users\al\Documents\Visual Studio 2010\Projects\CSCE649\Flocking\Debug\link.3956.read.1.tlog
C:\Users\al\Documents\Visual Studio 2010\Projects\CSCE649\Flocking\Debug\link.3956.write.1.tlog
C:\Users\al\Documents\Visual Studio 2010\Projects\CSCE649\Flocking\Debug\link.3956-cvtres.read.1.tlog
C:\Users\al\Documents\Visual Studio 2010\Projects\CSCE649\Flocking\Debug\link.3956-cvtres.write.1.tlog
C:\Users\al\Documents\Visual Studio 2010\Projects\CSCE649\Flocking\Debug\link.4204.read.1.tlog
C:\Users\al\Documents\Visual Studio 2010\Projects\CSCE649\Flocking\Debug\link.4204.write.1.tlog
C:\Users\al\Documents\Visual Studio 2010\Projects\CSCE649\Flocking\Debug\link.4204-cvtres.read.1.tlog
C:\Users\al\Documents\Visual Studio 2010\Projects\CSCE649\Flocking\Debug\link.4204-cvtres.write.1.tlog
C:\Users\al\Documents\Visual Studio 2010\Projects\CSCE649\Flocking\Debug\link.4224.read.1.tlog
C:\Users\al\Documents\Visual Studio 2010\Projects\CSCE649\Flocking\Debug\link.4224.write.1.tlog
C:\Users\al\Documents\Visual Studio 2010\Projects\CSCE649\Flocking\Debug\link.4224-cvtres.read.1.tlog
C:\Users\al\Documents\Visual Studio 2010\Projects\CSCE649\Flocking\Debug\link.4224-cvtres.write.1.tlog
C:\Users\al\Documents\Visual Studio 2010\Projects\CSCE649\Flocking\Debug\link.4780.read.1.tlog
C:\Users\al\Documents\Visual Studio 2010\Projects\CSCE649\Flocking\Debug\link.4780.write.1.tlog
C:\Users\al\Documents\Visual Studio 2010\Projects\CSCE649\Flocking\Debug\link.4780-cvtres.read.1.tlog
C:\Users\al\Documents\Visual Studio 2010\Projects\CSCE649\Flocking\Debug\link.4780-cvtres.write.1.tlog
C:\Users\al\Documents\Visual Studio 2010\Projects\CSCE649\Flocking\Debug\link.4940.read.1.tlog
C:\Users\al\Documents\Visual Studio 2010\Projects\CSCE649\Flocking\Debug\link.4940.write.1.tlog
C:\Users\al\Documents\Visual Studio 2010\Projects\CSCE649\Flocking\Debug\link.4940-cvtres.read.1.tlog
C:\Users\al\Documents\Visual Studio 2010\Projects\CSCE649\Flocking\Debug\link.4940-cvtres.write.1.tlog
C:\Users\al\Documents\Visual Studio 2010\Projects\CSCE649\Flocking\Debug\link.5044.read.1.tlog
C:\Users\al\Documents\Visual Studio 2010\Projects\CSCE649\Flocking\Debug\link.5044.write.1.tlog
C:\Users\al\Documents\Visual Studio 2010\Projects\CSCE649\Flocking\Debug\link.5044-cvtres.read.1.tlog
C:\Users\al\Documents\Visual Studio 2010\Projects\CSCE649\Flocking\Debug\link.5044-cvtres.write.1.tlog
C:\Users\al\Documents\Visual Studio 2010\Projects\CSCE649\Flocking\Debug\link.5164.read.1.tlog
C:\Users\al\Documents\Visual Studio 2010\Projects\CSCE649\Flocking\Debug\link.5164.write.1.tlog
C:\Users\al\Documents\Visual Studio 2010\Projects\CSCE649\Flocking\Debug\link.5164-cvtres.read.1.tlog
C:\Users\al\Documents\Visual Studio 2010\Projects\CSCE649\Flocking\Debug\link.5164-cvtres.write.1.tlog
C:\Users\al\Documents\Visual Studio 2010\Projects\CSCE649\Flocking\Debug\link.5540.read.1.tlog
C:\Users\al\Documents\Visual Studio 2010\Projects\CSCE649\Flocking\Debug\link.5540.write.1.tlog
C:\Users\al\Documents\Visual Studio 2010\Projects\CSCE649\Flocking\Debug\link.5540-cvtres.read.1.tlog
C:\Users\al\Documents\Visual Studio 2010\Projects\CSCE649\Flocking\Debug\link.5540-cvtres.write.1.tlog
C:\Users\al\Documents\Visual Studio 2010\Projects\CSCE649\Flocking\Debug\link.5560.read.1.tlog
C:\Users\al\Documents\Visual Studio 2010\Projects\CSCE649\Flocking\Debug\link.5560.write.1.tlog
C:\Users\al\Documents\Visual Studio 2010\Projects\CSCE649\Flocking\Debug\link.5560-cvtres.read.1.tlog
C:\Users\al\Documents\Visual Studio 2010\Projects\CSCE649\Flocking\Debug\link.5560-cvtres.write.1.tlog
C:\Users\al\Documents\Visual Studio 2010\Projects\CSCE649\Flocking\Debug\link.5668.read.1.tlog
C:\Users\al\Documents\Visual Studio 2010\Projects\CSCE649\Flocking\Debug\link.5668.write.1.tlog
C:\Users\al\Documents\Visual Studio 2010\Projects\CSCE649\Flocking\Debug\link.5668-cvtres.read.1.tlog
C:\Users\al\Documents\Visual Studio 2010\Projects\CSCE649\Flocking\Debug\link.5668-cvtres.write.1.tlog
C:\Users\al\Documents\Visual Studio 2010\Projects\CSCE649\Flocking\Debug\link.5728.read.1.tlog
C:\Users\al\Documents\Visual Studio 2010\Projects\CSCE649\Flocking\Debug\link.5728.write.1.tlog
C:\Users\al\Documents\Visual Studio 2010\Projects\CSCE649\Flocking\Debug\link.5728-cvtres.read.1.tlog
C:\Users\al\Documents\Visual Studio 2010\Projects\CSCE649\Flocking\Debug\link.5728-cvtres.write.1.tlog
C:\Users\al\Documents\Visual Studio 2010\Projects\CSCE649\Flocking\Debug\link.5812.read.1.tlog
C:\Users\al\Documents\Visual Studio 2010\Projects\CSCE649\Flocking\Debug\link.5812.write.1.tlog
C:\Users\al\Documents\Visual Studio 2010\Projects\CSCE649\Flocking\Debug\link.5812-cvtres.read.1.tlog
C:\Users\al\Documents\Visual Studio 2010\Projects\CSCE649\Flocking\Debug\link.5812-cvtres.write.1.tlog
C:\Users\al\Documents\Visual Studio 2010\Projects\CSCE649\Flocking\Debug\link.5816.read.1.tlog
C:\Users\al\Documents\Visual Studio 2010\Projects\CSCE649\Flocking\Debug\link.5816.write.1.tlog
C:\Users\al\Documents\Visual Studio 2010\Projects\CSCE649\Flocking\Debug\link.5816-cvtres.read.1.tlog
C:\Users\al\Documents\Visual Studio 2010\Projects\CSCE649\Flocking\Debug\link.5816-cvtres.write.1.tlog
C:\Users\al\Documents\Visual Studio 2010\Projects\CSCE649\Flocking\Debug\link.6076.read.1.tlog
C:\Users\al\Documents\Visual Studio 2010\Projects\CSCE649\Flocking\Debug\link.6076.write.1.tlog
C:\Users\al\Documents\Visual Studio 2010\Projects\CSCE649\Flocking\Debug\link.6076-cvtres.read.1.tlog
C:\Users\al\Documents\Visual Studio 2010\Projects\CSCE649\Flocking\Debug\link.6076-cvtres.write.1.tlog
C:\Users\al\Documents\Visual Studio 2010\Projects\CSCE649\Flocking\Debug\link.command.1.tlog
C:\Users\al\Documents\Visual Studio 2010\Projects\CSCE649\Flocking\Debug\link.read.1.tlog
C:\Users\al\Documents\Visual Studio 2010\Projects\CSCE649\Flocking\Debug\link.write.1.tlog
C:\Users\al\Documents\Visual Studio 2010\Projects\CSCE649\Flocking\Debug\link-cvtres.read.1.tlog
C:\Users\al\Documents\Visual Studio 2010\Projects\CSCE649\Flocking\Debug\link-cvtres.write.1.tlog
C:\Users\al\Documents\Visual Studio 2010\Projects\CSCE649\Flocking\Debug\mt.command.1.tlog
C:\Users\al\Documents\Visual Studio 2010\Projects\CSCE649\Flocking\Debug\mt.read.1.tlog
C:\Users\al\Documents\Visual Studio 2010\Projects\CSCE649\Flocking\Debug\mt.write.1.tlog
C:\Users\al\Documents\Visual Studio 2010\Projects\CSCE649\Flocking\Debug\rc.command.1.tlog
C:\Users\al\Documents\Visual Studio 2010\Projects\CSCE649\Flocking\Debug\rc.read.1.tlog
C:\Users\al\Documents\Visual Studio 2010\Projects\CSCE649\Flocking\Debug\rc.write.1.tlog
C:\Users\al\Documents\Visual Studio 2010\Projects\CSCE649\Flocking\Debug\vc100.idb
C:\USERS\AL\DOCUMENTS\VISUAL STUDIO 2010\PROJECTS\CSCE649\FLOCKING\DEBUG\VC100.PDB
